{"level":"info","message":"::1 - - [29/Jun/2026:17:14:42 +0000] \"GET /api/v1/books HTTP/1.1\" 200 - \"-\" \"Mozilla/5.0 (Windows NT 10.0; Win64; x64) AppleWebKit/537.36 (KHTML, like Gecko) Chrome/149.0.0.0 Safari/537.36\"","service":"book-api","timestamp":"2026-06-29 22:44:42"}
{"level":"info","message":"::1 - - [29/Jun/2026:17:14:42 +0000] \"GET /favicon.ico HTTP/1.1\" 404 107 \"-\" \"Mozilla/5.0 (Windows NT 10.0; Win64; x64) AppleWebKit/537.36 (KHTML, like Gecko) Chrome/149.0.0.0 Safari/537.36\"","service":"book-api","timestamp":"2026-06-29 22:44:42"}
{"level":"info","message":"::1 - - [29/Jun/2026:17:15:17 +0000] \"GET /api/v1/books?lang=hindi HTTP/1.1\" 200 - \"-\" \"Mozilla/5.0 (Windows NT 10.0; Win64; x64) AppleWebKit/537.36 (KHTML, like Gecko) Chrome/149.0.0.0 Safari/537.36\"","service":"book-api","timestamp":"2026-06-29 22:45:17"}
{"level":"warn","message":"Language urdu not supported, falling back to English","service":"book-api","timestamp":"2026-06-29 22:46:12"}
{"level":"info","message":"::1 - - [29/Jun/2026:17:16:12 +0000] \"GET /api/v1/books?lang=urdu HTTP/1.1\" 200 - \"-\" \"Mozilla/5.0 (Windows NT 10.0; Win64; x64) AppleWebKit/537.36 (KHTML, like Gecko) Chrome/149.0.0.0 Safari/537.36\"","service":"book-api","timestamp":"2026-06-29 22:46:12"}
{"level":"warn","message":"Language urdu not supported, falling back to English","service":"book-api","timestamp":"2026-06-29 22:46:38"}
{"level":"info","message":"::1 - - [29/Jun/2026:17:16:38 +0000] \"GET /api/v1/books?lang=urdu HTTP/1.1\" 200 - \"-\" \"Mozilla/5.0 (Windows NT 10.0; Win64; x64) AppleWebKit/537.36 (KHTML, like Gecko) Chrome/149.0.0.0 Safari/537.36\"","service":"book-api","timestamp":"2026-06-29 22:46:38"}
{"level":"info","message":"🚀 Books API Server running on port 5000","service":"book-api","timestamp":"2026-06-30 10:42:16"}
{"level":"info","message":"🚀 Books API Server running on port 5000","service":"book-api","timestamp":"2026-06-30 10:42:16"}
{"level":"info","message":"📚 Environment: development","service":"book-api","timestamp":"2026-06-30 10:42:16"}
{"level":"info","message":"📍 URL: http://localhost:5000","service":"book-api","timestamp":"2026-06-30 10:42:16"}
{"level":"info","message":"📖 Books endpoint: http://localhost:5000/api/v1/books","service":"book-api","timestamp":"2026-06-30 10:42:16"}
{"level":"info","message":"📚 Environment: development","service":"book-api","timestamp":"2026-06-30 10:42:16"}
{"level":"info","message":"📍 URL: http://localhost:5000","service":"book-api","timestamp":"2026-06-30 10:42:16"}
{"level":"info","message":"📖 Books endpoint: http://localhost:5000/api/v1/books","service":"book-api","timestamp":"2026-06-30 10:42:16"}
{"level":"info","message":"::1 - - [30/Jun/2026:05:12:35 +0000] \"GET /api/v1/books HTTP/1.1\" 200 - \"-\" \"Mozilla/5.0 (Windows NT 10.0; Win64; x64) AppleWebKit/537.36 (KHTML, like Gecko) Chrome/149.0.0.0 Safari/537.36\"","service":"book-api","timestamp":"2026-06-30 10:42:35"}
{"level":"info","message":"::1 - - [30/Jun/2026:05:12:35 +0000] \"GET /favicon.ico HTTP/1.1\" 404 58 \"-\" \"Mozilla/5.0 (Windows NT 10.0; Win64; x64) AppleWebKit/537.36 (KHTML, like Gecko) Chrome/149.0.0.0 Safari/537.36\"","service":"book-api","timestamp":"2026-06-30 10:42:35"}
{"level":"info","message":"::1 - - [30/Jun/2026:05:13:25 +0000] \"GET /api/v1/books?lang=hindi HTTP/1.1\" 200 - \"-\" \"Mozilla/5.0 (Windows NT 10.0; Win64; x64) AppleWebKit/537.36 (KHTML, like Gecko) Chrome/149.0.0.0 Safari/537.36\"","service":"book-api","timestamp":"2026-06-30 10:43:25"}
{"level":"info","message":"::1 - - [30/Jun/2026:05:14:06 +0000] \"GET /api/v1/books HTTP/1.1\" 200 - \"-\" \"Mozilla/5.0 (Windows NT 10.0; Win64; x64) AppleWebKit/537.36 (KHTML, like Gecko) Chrome/149.0.0.0 Safari/537.36\"","service":"book-api","timestamp":"2026-06-30 10:44:06"}
{"level":"info","message":"🚀 Books API Server running on port 5000","service":"book-api","timestamp":"2026-06-30 10:45:13"}
{"level":"info","message":"📚 Environment: development","service":"book-api","timestamp":"2026-06-30 10:45:13"}
{"level":"info","message":"📍 URL: http://localhost:5000","service":"book-api","timestamp":"2026-06-30 10:45:13"}
{"level":"info","message":"📖 Books endpoint: http://localhost:5000/api/v1/books","service":"book-api","timestamp":"2026-06-30 10:45:13"}
{"level":"info","message":"🚀 Books API Server running on port 5000","service":"book-api","timestamp":"2026-06-30 10:45:13"}
{"level":"info","message":"📚 Environment: development","service":"book-api","timestamp":"2026-06-30 10:45:13"}
{"level":"info","message":"📍 URL: http://localhost:5000","service":"book-api","timestamp":"2026-06-30 10:45:13"}
{"level":"info","message":"📖 Books endpoint: http://localhost:5000/api/v1/books","service":"book-api","timestamp":"2026-06-30 10:45:13"}
{"level":"info","message":"🚀 Books API Server running on port 5000","service":"book-api","timestamp":"2026-06-30 10:45:59"}
{"level":"info","message":"📚 Environment: development","service":"book-api","timestamp":"2026-06-30 10:45:59"}
{"level":"info","message":"📍 URL: http://localhost:5000","service":"book-api","timestamp":"2026-06-30 10:45:59"}
{"level":"info","message":"📖 Books endpoint: http://localhost:5000/api/v1/books","service":"book-api","timestamp":"2026-06-30 10:45:59"}
{"level":"info","message":"🚀 Books API Server running on port 5000","service":"book-api","timestamp":"2026-06-30 10:45:59"}
{"level":"info","message":"📚 Environment: development","service":"book-api","timestamp":"2026-06-30 10:45:59"}
{"level":"info","message":"📍 URL: http://localhost:5000","service":"book-api","timestamp":"2026-06-30 10:45:59"}
{"level":"info","message":"📖 Books endpoint: http://localhost:5000/api/v1/books","service":"book-api","timestamp":"2026-06-30 10:45:59"}
{"level":"info","message":"::1 - - [30/Jun/2026:05:16:05 +0000] \"GET /api/v1/books HTTP/1.1\" 200 - \"-\" \"Mozilla/5.0 (Windows NT 10.0; Win64; x64) AppleWebKit/537.36 (KHTML, like Gecko) Chrome/149.0.0.0 Safari/537.36\"","service":"book-api","timestamp":"2026-06-30 10:46:05"}
{"level":"info","message":"::1 - - [30/Jun/2026:05:16:19 +0000] \"GET /api/v1/books?lang=hindi HTTP/1.1\" 200 - \"-\" \"Mozilla/5.0 (Windows NT 10.0; Win64; x64) AppleWebKit/537.36 (KHTML, like Gecko) Chrome/149.0.0.0 Safari/537.36\"","service":"book-api","timestamp":"2026-06-30 10:46:19"}
{"level":"info","message":"::1 - - [30/Jun/2026:05:16:37 +0000] \"GET /api/v1/books?lang=urdu HTTP/1.1\" 200 - \"-\" \"Mozilla/5.0 (Windows NT 10.0; Win64; x64) AppleWebKit/537.36 (KHTML, like Gecko) Chrome/149.0.0.0 Safari/537.36\"","service":"book-api","timestamp":"2026-06-30 10:46:37"}
{"level":"info","message":"::1 - - [30/Jun/2026:05:16:46 +0000] \"GET /api/v1/books?lang=hindi HTTP/1.1\" 200 - \"-\" \"Mozilla/5.0 (Windows NT 10.0; Win64; x64) AppleWebKit/537.36 (KHTML, like Gecko) Chrome/149.0.0.0 Safari/537.36\"","service":"book-api","timestamp":"2026-06-30 10:46:46"}
{"level":"info","message":"🚀 Books API Server running on port 5000","service":"book-api","timestamp":"2026-06-30 10:48:30"}
{"level":"info","message":"📚 Environment: development","service":"book-api","timestamp":"2026-06-30 10:48:30"}
{"level":"info","message":"📍 URL: http://localhost:5000","service":"book-api","timestamp":"2026-06-30 10:48:30"}
{"level":"info","message":"📖 Books endpoint: http://localhost:5000/api/v1/books","service":"book-api","timestamp":"2026-06-30 10:48:30"}
{"level":"info","message":"🚀 Books API Server running on port 5000","service":"book-api","timestamp":"2026-06-30 10:48:30"}
{"level":"info","message":"📚 Environment: development","service":"book-api","timestamp":"2026-06-30 10:48:30"}
{"level":"info","message":"📍 URL: http://localhost:5000","service":"book-api","timestamp":"2026-06-30 10:48:30"}
{"level":"info","message":"📖 Books endpoint: http://localhost:5000/api/v1/books","service":"book-api","timestamp":"2026-06-30 10:48:30"}
{"level":"info","message":"🚀 Books API Server running on port 5000","service":"book-api","timestamp":"2026-06-30 10:48:42"}
{"level":"info","message":"📚 Environment: development","service":"book-api","timestamp":"2026-06-30 10:48:42"}
{"level":"info","message":"📍 URL: http://localhost:5000","service":"book-api","timestamp":"2026-06-30 10:48:42"}
{"level":"info","message":"📖 Books endpoint: http://localhost:5000/api/v1/books","service":"book-api","timestamp":"2026-06-30 10:48:42"}
{"level":"info","message":"🚀 Books API Server running on port 5000","service":"book-api","timestamp":"2026-06-30 10:48:53"}
{"level":"info","message":"📚 Environment: development","service":"book-api","timestamp":"2026-06-30 10:48:53"}
{"level":"info","message":"📍 URL: http://localhost:5000","service":"book-api","timestamp":"2026-06-30 10:48:53"}
{"level":"info","message":"📖 Books endpoint: http://localhost:5000/api/v1/books","service":"book-api","timestamp":"2026-06-30 10:48:53"}
{"level":"info","message":"::1 - - [30/Jun/2026:05:18:58 +0000] \"GET /api/v1/books?lang=hindi HTTP/1.1\" 200 - \"-\" \"Mozilla/5.0 (Windows NT 10.0; Win64; x64) AppleWebKit/537.36 (KHTML, like Gecko) Chrome/149.0.0.0 Safari/537.36\"","service":"book-api","timestamp":"2026-06-30 10:48:58"}
{"level":"info","message":"::1 - - [30/Jun/2026:05:19:00 +0000] \"GET /api/v1/books?lang=hindi HTTP/1.1\" 200 - \"-\" \"Mozilla/5.0 (Windows NT 10.0; Win64; x64) AppleWebKit/537.36 (KHTML, like Gecko) Chrome/149.0.0.0 Safari/537.36\"","service":"book-api","timestamp":"2026-06-30 10:49:00"}
{"level":"info","message":"::1 - - [30/Jun/2026:05:19:00 +0000] \"GET /api/v1/books?lang=hindi HTTP/1.1\" 200 - \"-\" \"Mozilla/5.0 (Windows NT 10.0; Win64; x64) AppleWebKit/537.36 (KHTML, like Gecko) Chrome/149.0.0.0 Safari/537.36\"","service":"book-api","timestamp":"2026-06-30 10:49:00"}
{"level":"info","message":"::1 - - [30/Jun/2026:05:19:00 +0000] \"GET /api/v1/books?lang=hindi HTTP/1.1\" 200 - \"-\" \"Mozilla/5.0 (Windows NT 10.0; Win64; x64) AppleWebKit/537.36 (KHTML, like Gecko) Chrome/149.0.0.0 Safari/537.36\"","service":"book-api","timestamp":"2026-06-30 10:49:00"}
{"level":"info","message":"::1 - - [30/Jun/2026:05:19:01 +0000] \"GET /api/v1/books?lang=hindi HTTP/1.1\" 200 - \"-\" \"Mozilla/5.0 (Windows NT 10.0; Win64; x64) AppleWebKit/537.36 (KHTML, like Gecko) Chrome/149.0.0.0 Safari/537.36\"","service":"book-api","timestamp":"2026-06-30 10:49:01"}
{"level":"info","message":"::1 - - [30/Jun/2026:05:19:01 +0000] \"GET /api/v1/books?lang=hindi HTTP/1.1\" 200 - \"-\" \"Mozilla/5.0 (Windows NT 10.0; Win64; x64) AppleWebKit/537.36 (KHTML, like Gecko) Chrome/149.0.0.0 Safari/537.36\"","service":"book-api","timestamp":"2026-06-30 10:49:01"}
{"level":"info","message":"::1 - - [30/Jun/2026:05:19:01 +0000] \"GET /api/v1/books?lang=hindi HTTP/1.1\" 200 - \"-\" \"Mozilla/5.0 (Windows NT 10.0; Win64; x64) AppleWebKit/537.36 (KHTML, like Gecko) Chrome/149.0.0.0 Safari/537.36\"","service":"book-api","timestamp":"2026-06-30 10:49:01"}
{"level":"info","message":"::1 - - [30/Jun/2026:05:19:01 +0000] \"GET /api/v1/books?lang=hindi HTTP/1.1\" 200 - \"-\" \"Mozilla/5.0 (Windows NT 10.0; Win64; x64) AppleWebKit/537.36 (KHTML, like Gecko) Chrome/149.0.0.0 Safari/537.36\"","service":"book-api","timestamp":"2026-06-30 10:49:01"}
{"level":"info","message":"::1 - - [30/Jun/2026:05:19:01 +0000] \"GET /api/v1/books?lang=hindi HTTP/1.1\" 200 - \"-\" \"Mozilla/5.0 (Windows NT 10.0; Win64; x64) AppleWebKit/537.36 (KHTML, like Gecko) Chrome/149.0.0.0 Safari/537.36\"","service":"book-api","timestamp":"2026-06-30 10:49:01"}
{"level":"info","message":"🚀 Books API Server running on port 5000","service":"book-api","timestamp":"2026-06-30 10:51:02"}
{"level":"info","message":"📚 Environment: development","service":"book-api","timestamp":"2026-06-30 10:51:02"}
{"level":"info","message":"📍 URL: http://localhost:5000","service":"book-api","timestamp":"2026-06-30 10:51:02"}
{"level":"info","message":"📖 Books endpoint: http://localhost:5000/api/v1/books","service":"book-api","timestamp":"2026-06-30 10:51:02"}
{"level":"info","message":"🚀 Books API Server running on port 5000","service":"book-api","timestamp":"2026-06-30 10:51:02"}
{"level":"info","message":"📚 Environment: development","service":"book-api","timestamp":"2026-06-30 10:51:02"}
{"level":"info","message":"📍 URL: http://localhost:5000","service":"book-api","timestamp":"2026-06-30 10:51:02"}
{"level":"info","message":"📖 Books endpoint: http://localhost:5000/api/v1/books","service":"book-api","timestamp":"2026-06-30 10:51:02"}
{"level":"info","message":"🚀 Books API Server running on port 5000","service":"book-api","timestamp":"2026-06-30 10:52:36"}
{"level":"info","message":"📚 Environment: development","service":"book-api","timestamp":"2026-06-30 10:52:36"}
{"level":"info","message":"📍 URL: http://localhost:5000","service":"book-api","timestamp":"2026-06-30 10:52:36"}
{"level":"info","message":"📖 Books endpoint: http://localhost:5000/api/v1/books","service":"book-api","timestamp":"2026-06-30 10:52:36"}
{"level":"info","message":"🚀 Books API Server running on port 5000","service":"book-api","timestamp":"2026-06-30 10:52:36"}
{"level":"info","message":"📚 Environment: development","service":"book-api","timestamp":"2026-06-30 10:52:36"}
{"level":"info","message":"📍 URL: http://localhost:5000","service":"book-api","timestamp":"2026-06-30 10:52:36"}
{"level":"info","message":"📖 Books endpoint: http://localhost:5000/api/v1/books","service":"book-api","timestamp":"2026-06-30 10:52:36"}
{"level":"info","message":"🚀 Books API Server running on port 5000","service":"book-api","timestamp":"2026-06-30 10:52:51"}
{"level":"info","message":"📚 Environment: development","service":"book-api","timestamp":"2026-06-30 10:52:51"}
{"level":"info","message":"📍 URL: http://localhost:5000","service":"book-api","timestamp":"2026-06-30 10:52:51"}
{"level":"info","message":"📖 Books endpoint: http://localhost:5000/api/v1/books","service":"book-api","timestamp":"2026-06-30 10:52:51"}
{"level":"info","message":"🚀 Books API Server running on port 5000","service":"book-api","timestamp":"2026-06-30 10:52:51"}
{"level":"info","message":"📚 Environment: development","service":"book-api","timestamp":"2026-06-30 10:52:51"}
{"level":"info","message":"📍 URL: http://localhost:5000","service":"book-api","timestamp":"2026-06-30 10:52:51"}
{"level":"info","message":"📖 Books endpoint: http://localhost:5000/api/v1/books","service":"book-api","timestamp":"2026-06-30 10:52:51"}
{"level":"info","message":"🚀 Books API Server running on port 5000","service":"book-api","timestamp":"2026-06-30 10:53:00"}
{"level":"info","message":"📚 Environment: development","service":"book-api","timestamp":"2026-06-30 10:53:00"}
{"level":"info","message":"📍 URL: http://localhost:5000","service":"book-api","timestamp":"2026-06-30 10:53:00"}
{"level":"info","message":"📖 Books endpoint: http://localhost:5000/api/v1/books","service":"book-api","timestamp":"2026-06-30 10:53:00"}
{"level":"info","message":"🚀 Books API Server running on port 5000","service":"book-api","timestamp":"2026-06-30 10:53:00"}
{"level":"info","message":"📚 Environment: development","service":"book-api","timestamp":"2026-06-30 10:53:00"}
{"level":"info","message":"📍 URL: http://localhost:5000","service":"book-api","timestamp":"2026-06-30 10:53:00"}
{"level":"info","message":"📖 Books endpoint: http://localhost:5000/api/v1/books","service":"book-api","timestamp":"2026-06-30 10:53:00"}
{"level":"info","message":"🚀 Books API Server running on port 5000","service":"book-api","timestamp":"2026-06-30 10:53:45"}
{"level":"info","message":"📚 Environment: development","service":"book-api","timestamp":"2026-06-30 10:53:45"}
{"level":"info","message":"📍 URL: http://localhost:5000","service":"book-api","timestamp":"2026-06-30 10:53:45"}
{"level":"info","message":"📖 Books endpoint: http://localhost:5000/api/v1/books","service":"book-api","timestamp":"2026-06-30 10:53:45"}
{"level":"info","message":"🚀 Books API Server running on port 5000","service":"book-api","timestamp":"2026-06-30 10:53:46"}
{"level":"info","message":"📚 Environment: development","service":"book-api","timestamp":"2026-06-30 10:53:46"}
{"level":"info","message":"📍 URL: http://localhost:5000","service":"book-api","timestamp":"2026-06-30 10:53:46"}
{"level":"info","message":"📖 Books endpoint: http://localhost:5000/api/v1/books","service":"book-api","timestamp":"2026-06-30 10:53:46"}
{"level":"info","message":"🚀 Books API Server running on port 5000","service":"book-api","timestamp":"2026-06-30 10:53:58"}
{"level":"info","message":"📚 Environment: development","service":"book-api","timestamp":"2026-06-30 10:53:58"}
{"level":"info","message":"📍 URL: http://localhost:5000","service":"book-api","timestamp":"2026-06-30 10:53:58"}
{"level":"info","message":"📖 Books endpoint: http://localhost:5000/api/v1/books","service":"book-api","timestamp":"2026-06-30 10:53:58"}
{"level":"info","message":"🚀 Books API Server running on port 5000","service":"book-api","timestamp":"2026-06-30 10:53:58"}
{"level":"info","message":"📚 Environment: development","service":"book-api","timestamp":"2026-06-30 10:53:58"}
{"level":"info","message":"📍 URL: http://localhost:5000","service":"book-api","timestamp":"2026-06-30 10:53:58"}
{"level":"info","message":"📖 Books endpoint: http://localhost:5000/api/v1/books","service":"book-api","timestamp":"2026-06-30 10:53:58"}
{"level":"info","message":"🚀 Books API Server running on port 5000","service":"book-api","timestamp":"2026-06-30 10:54:10"}
{"level":"info","message":"📚 Environment: development","service":"book-api","timestamp":"2026-06-30 10:54:10"}
{"level":"info","message":"📍 URL: http://localhost:5000","service":"book-api","timestamp":"2026-06-30 10:54:10"}
{"level":"info","message":"📖 Books endpoint: http://localhost:5000/api/v1/books","service":"book-api","timestamp":"2026-06-30 10:54:10"}
{"level":"info","message":"🚀 Books API Server running on port 5000","service":"book-api","timestamp":"2026-06-30 10:54:10"}
{"level":"info","message":"📚 Environment: development","service":"book-api","timestamp":"2026-06-30 10:54:10"}
{"level":"info","message":"📍 URL: http://localhost:5000","service":"book-api","timestamp":"2026-06-30 10:54:10"}
{"level":"info","message":"📖 Books endpoint: http://localhost:5000/api/v1/books","service":"book-api","timestamp":"2026-06-30 10:54:10"}
{"level":"info","message":"🚀 Books API Server running on port 5000","service":"book-api","timestamp":"2026-06-30 10:54:28"}
{"level":"info","message":"📚 Environment: development","service":"book-api","timestamp":"2026-06-30 10:54:28"}
{"level":"info","message":"📍 URL: http://localhost:5000","service":"book-api","timestamp":"2026-06-30 10:54:28"}
{"level":"info","message":"📖 Books endpoint: http://localhost:5000/api/v1/books","service":"book-api","timestamp":"2026-06-30 10:54:28"}
{"level":"info","message":"🚀 Books API Server running on port 5000","service":"book-api","timestamp":"2026-06-30 10:54:28"}
{"level":"info","message":"📚 Environment: development","service":"book-api","timestamp":"2026-06-30 10:54:28"}
{"level":"info","message":"📍 URL: http://localhost:5000","service":"book-api","timestamp":"2026-06-30 10:54:28"}
{"level":"info","message":"📖 Books endpoint: http://localhost:5000/api/v1/books","service":"book-api","timestamp":"2026-06-30 10:54:28"}
{"level":"info","message":"🚀 Books API Server running on port 5000","service":"book-api","timestamp":"2026-06-30 10:54:38"}
{"level":"info","message":"📚 Environment: development","service":"book-api","timestamp":"2026-06-30 10:54:38"}
{"level":"info","message":"📍 URL: http://localhost:5000","service":"book-api","timestamp":"2026-06-30 10:54:38"}
{"level":"info","message":"📖 Books endpoint: http://localhost:5000/api/v1/books","service":"book-api","timestamp":"2026-06-30 10:54:38"}
{"level":"info","message":"🚀 Books API Server running on port 5000","service":"book-api","timestamp":"2026-06-30 10:54:38"}
{"level":"info","message":"📚 Environment: development","service":"book-api","timestamp":"2026-06-30 10:54:38"}
{"level":"info","message":"📍 URL: http://localhost:5000","service":"book-api","timestamp":"2026-06-30 10:54:38"}
{"level":"info","message":"📖 Books endpoint: http://localhost:5000/api/v1/books","service":"book-api","timestamp":"2026-06-30 10:54:38"}
{"level":"info","message":"🚀 Books API Server running on port 5000","service":"book-api","timestamp":"2026-06-30 10:55:52"}
{"level":"info","message":"📚 Environment: development","service":"book-api","timestamp":"2026-06-30 10:55:52"}
{"level":"info","message":"📍 URL: http://localhost:5000","service":"book-api","timestamp":"2026-06-30 10:55:52"}
{"level":"info","message":"📖 Books endpoint: http://localhost:5000/api/v1/books","service":"book-api","timestamp":"2026-06-30 10:55:52"}
{"level":"info","message":"🚀 Books API Server running on port 5000","service":"book-api","timestamp":"2026-06-30 10:55:52"}
{"level":"info","message":"📚 Environment: development","service":"book-api","timestamp":"2026-06-30 10:55:52"}
{"level":"info","message":"📍 URL: http://localhost:5000","service":"book-api","timestamp":"2026-06-30 10:55:52"}
{"level":"info","message":"📖 Books endpoint: http://localhost:5000/api/v1/books","service":"book-api","timestamp":"2026-06-30 10:55:52"}
{"level":"info","message":"🚀 Books API Server running on port 5000","service":"book-api","timestamp":"2026-06-30 10:56:11"}
{"level":"info","message":"📚 Environment: development","service":"book-api","timestamp":"2026-06-30 10:56:11"}
{"level":"info","message":"📍 URL: http://localhost:5000","service":"book-api","timestamp":"2026-06-30 10:56:11"}
{"level":"info","message":"📖 Books endpoint: http://localhost:5000/api/v1/books","service":"book-api","timestamp":"2026-06-30 10:56:11"}
{"level":"info","message":"🚀 Books API Server running on port 5000","service":"book-api","timestamp":"2026-06-30 10:56:11"}
{"level":"info","message":"📚 Environment: development","service":"book-api","timestamp":"2026-06-30 10:56:11"}
{"level":"info","message":"📍 URL: http://localhost:5000","service":"book-api","timestamp":"2026-06-30 10:56:11"}
{"level":"info","message":"📖 Books endpoint: http://localhost:5000/api/v1/books","service":"book-api","timestamp":"2026-06-30 10:56:11"}
{"level":"info","message":"🚀 Books API Server running on port 5000","service":"book-api","timestamp":"2026-06-30 10:57:12"}
{"level":"info","message":"📚 Environment: development","service":"book-api","timestamp":"2026-06-30 10:57:12"}
{"level":"info","message":"📍 URL: http://localhost:5000","service":"book-api","timestamp":"2026-06-30 10:57:12"}
{"level":"info","message":"📖 Books endpoint: http://localhost:5000/api/v1/books","service":"book-api","timestamp":"2026-06-30 10:57:12"}
{"level":"info","message":"🚀 Books API Server running on port 5000","service":"book-api","timestamp":"2026-06-30 10:57:12"}
{"level":"info","message":"📚 Environment: development","service":"book-api","timestamp":"2026-06-30 10:57:12"}
{"level":"info","message":"📍 URL: http://localhost:5000","service":"book-api","timestamp":"2026-06-30 10:57:12"}
{"level":"info","message":"📖 Books endpoint: http://localhost:5000/api/v1/books","service":"book-api","timestamp":"2026-06-30 10:57:12"}
{"level":"info","message":"🚀 Books API Server running on port 5000","service":"book-api","timestamp":"2026-06-30 10:57:28"}
{"level":"info","message":"📚 Environment: development","service":"book-api","timestamp":"2026-06-30 10:57:28"}
{"level":"info","message":"📍 URL: http://localhost:5000","service":"book-api","timestamp":"2026-06-30 10:57:28"}
{"level":"info","message":"📖 Books endpoint: http://localhost:5000/api/v1/books","service":"book-api","timestamp":"2026-06-30 10:57:28"}
{"level":"info","message":"🚀 Books API Server running on port 5000","service":"book-api","timestamp":"2026-06-30 10:57:28"}
{"level":"info","message":"📚 Environment: development","service":"book-api","timestamp":"2026-06-30 10:57:28"}
{"level":"info","message":"📍 URL: http://localhost:5000","service":"book-api","timestamp":"2026-06-30 10:57:28"}
{"level":"info","message":"📖 Books endpoint: http://localhost:5000/api/v1/books","service":"book-api","timestamp":"2026-06-30 10:57:28"}
{"level":"info","message":"🚀 Books API Server running on port 5000","service":"book-api","timestamp":"2026-06-30 11:04:13"}
{"level":"info","message":"📚 Environment: development","service":"book-api","timestamp":"2026-06-30 11:04:13"}
{"level":"info","message":"📍 URL: http://localhost:5000","service":"book-api","timestamp":"2026-06-30 11:04:13"}
{"level":"info","message":"📖 Books endpoint: http://localhost:5000/api/v1/books","service":"book-api","timestamp":"2026-06-30 11:04:13"}
{"level":"info","message":"🚀 Books API Server running on port 5000","service":"book-api","timestamp":"2026-06-30 11:04:13"}
{"level":"info","message":"📚 Environment: development","service":"book-api","timestamp":"2026-06-30 11:04:13"}
{"level":"info","message":"📍 URL: http://localhost:5000","service":"book-api","timestamp":"2026-06-30 11:04:13"}
{"level":"info","message":"📖 Books endpoint: http://localhost:5000/api/v1/books","service":"book-api","timestamp":"2026-06-30 11:04:13"}
{"level":"info","message":"🚀 Books API Server running on port 5000","service":"book-api","timestamp":"2026-06-30 11:04:25"}
{"level":"info","message":"📚 Environment: development","service":"book-api","timestamp":"2026-06-30 11:04:25"}
{"level":"info","message":"📍 URL: http://localhost:5000","service":"book-api","timestamp":"2026-06-30 11:04:25"}
{"level":"info","message":"📖 Books endpoint: http://localhost:5000/api/v1/books","service":"book-api","timestamp":"2026-06-30 11:04:25"}
{"level":"info","message":"🚀 Books API Server running on port 5000","service":"book-api","timestamp":"2026-06-30 11:04:25"}
{"level":"info","message":"📚 Environment: development","service":"book-api","timestamp":"2026-06-30 11:04:25"}
{"level":"info","message":"📍 URL: http://localhost:5000","service":"book-api","timestamp":"2026-06-30 11:04:25"}
{"level":"info","message":"📖 Books endpoint: http://localhost:5000/api/v1/books","service":"book-api","timestamp":"2026-06-30 11:04:25"}
{"level":"info","message":"🚀 Books API Server running on port 5000","service":"book-api","timestamp":"2026-06-30 11:04:55"}
{"level":"info","message":"📚 Environment: development","service":"book-api","timestamp":"2026-06-30 11:04:55"}
{"level":"info","message":"📍 URL: http://localhost:5000","service":"book-api","timestamp":"2026-06-30 11:04:55"}
{"level":"info","message":"📖 Books endpoint: http://localhost:5000/api/v1/books","service":"book-api","timestamp":"2026-06-30 11:04:55"}
{"level":"info","message":"🚀 Books API Server running on port 5000","service":"book-api","timestamp":"2026-06-30 11:04:55"}
{"level":"info","message":"📚 Environment: development","service":"book-api","timestamp":"2026-06-30 11:04:55"}
{"level":"info","message":"📍 URL: http://localhost:5000","service":"book-api","timestamp":"2026-06-30 11:04:55"}
{"level":"info","message":"📖 Books endpoint: http://localhost:5000/api/v1/books","service":"book-api","timestamp":"2026-06-30 11:04:55"}
{"level":"info","message":"🚀 Books API Server running on port 5000","service":"book-api","timestamp":"2026-06-30 11:05:05"}
{"level":"info","message":"📚 Environment: development","service":"book-api","timestamp":"2026-06-30 11:05:05"}
{"level":"info","message":"📍 URL: http://localhost:5000","service":"book-api","timestamp":"2026-06-30 11:05:05"}
{"level":"info","message":"📖 Books endpoint: http://localhost:5000/api/v1/books","service":"book-api","timestamp":"2026-06-30 11:05:05"}
{"level":"info","message":"🚀 Books API Server running on port 5000","service":"book-api","timestamp":"2026-06-30 11:05:05"}
{"level":"info","message":"📚 Environment: development","service":"book-api","timestamp":"2026-06-30 11:05:05"}
{"level":"info","message":"📍 URL: http://localhost:5000","service":"book-api","timestamp":"2026-06-30 11:05:05"}
{"level":"info","message":"📖 Books endpoint: http://localhost:5000/api/v1/books","service":"book-api","timestamp":"2026-06-30 11:05:05"}
{"level":"info","message":"🚀 Books API Server running on port 5000","service":"book-api","timestamp":"2026-06-30 11:05:19"}
{"level":"info","message":"📚 Environment: development","service":"book-api","timestamp":"2026-06-30 11:05:19"}
{"level":"info","message":"📍 URL: http://localhost:5000","service":"book-api","timestamp":"2026-06-30 11:05:19"}
{"level":"info","message":"📖 Books endpoint: http://localhost:5000/api/v1/books","service":"book-api","timestamp":"2026-06-30 11:05:19"}
{"level":"info","message":"🚀 Books API Server running on port 5000","service":"book-api","timestamp":"2026-06-30 11:05:19"}
{"level":"info","message":"📚 Environment: development","service":"book-api","timestamp":"2026-06-30 11:05:19"}
{"level":"info","message":"📍 URL: http://localhost:5000","service":"book-api","timestamp":"2026-06-30 11:05:19"}
{"level":"info","message":"📖 Books endpoint: http://localhost:5000/api/v1/books","service":"book-api","timestamp":"2026-06-30 11:05:19"}
{"level":"info","message":"🚀 Books API Server running on port 5000","service":"book-api","timestamp":"2026-06-30 11:05:31"}
{"level":"info","message":"📚 Environment: development","service":"book-api","timestamp":"2026-06-30 11:05:31"}
{"level":"info","message":"📍 URL: http://localhost:5000","service":"book-api","timestamp":"2026-06-30 11:05:31"}
{"level":"info","message":"📖 Books endpoint: http://localhost:5000/api/v1/books","service":"book-api","timestamp":"2026-06-30 11:05:31"}
{"level":"info","message":"🚀 Books API Server running on port 5000","service":"book-api","timestamp":"2026-06-30 11:05:31"}
{"level":"info","message":"📚 Environment: development","service":"book-api","timestamp":"2026-06-30 11:05:31"}
{"level":"info","message":"📍 URL: http://localhost:5000","service":"book-api","timestamp":"2026-06-30 11:05:31"}
{"level":"info","message":"📖 Books endpoint: http://localhost:5000/api/v1/books","service":"book-api","timestamp":"2026-06-30 11:05:31"}
{"level":"info","message":"🚀 Books API Server running on port 5000","service":"book-api","timestamp":"2026-06-30 11:05:44"}
{"level":"info","message":"📚 Environment: development","service":"book-api","timestamp":"2026-06-30 11:05:44"}
{"level":"info","message":"📍 URL: http://localhost:5000","service":"book-api","timestamp":"2026-06-30 11:05:44"}
{"level":"info","message":"📖 Books endpoint: http://localhost:5000/api/v1/books","service":"book-api","timestamp":"2026-06-30 11:05:44"}
{"level":"info","message":"🚀 Books API Server running on port 5000","service":"book-api","timestamp":"2026-06-30 11:05:44"}
{"level":"info","message":"📚 Environment: development","service":"book-api","timestamp":"2026-06-30 11:05:44"}
{"level":"info","message":"📍 URL: http://localhost:5000","service":"book-api","timestamp":"2026-06-30 11:05:44"}
{"level":"info","message":"📖 Books endpoint: http://localhost:5000/api/v1/books","service":"book-api","timestamp":"2026-06-30 11:05:44"}
{"level":"info","message":"🚀 Books API Server running on port 5000","service":"book-api","timestamp":"2026-06-30 11:06:06"}
{"level":"info","message":"📚 Environment: development","service":"book-api","timestamp":"2026-06-30 11:06:06"}
{"level":"info","message":"📍 URL: http://localhost:5000","service":"book-api","timestamp":"2026-06-30 11:06:06"}
{"level":"info","message":"📖 Books endpoint: http://localhost:5000/api/v1/books","service":"book-api","timestamp":"2026-06-30 11:06:06"}
{"level":"info","message":"🚀 Books API Server running on port 5000","service":"book-api","timestamp":"2026-06-30 11:06:06"}
{"level":"info","message":"📚 Environment: development","service":"book-api","timestamp":"2026-06-30 11:06:06"}
{"level":"info","message":"📍 URL: http://localhost:5000","service":"book-api","timestamp":"2026-06-30 11:06:06"}
{"level":"info","message":"📖 Books endpoint: http://localhost:5000/api/v1/books","service":"book-api","timestamp":"2026-06-30 11:06:06"}
{"level":"info","message":"🚀 Books API Server running on port 5000","service":"book-api","timestamp":"2026-06-30 11:06:21"}
{"level":"info","message":"📚 Environment: development","service":"book-api","timestamp":"2026-06-30 11:06:21"}
{"level":"info","message":"📍 URL: http://localhost:5000","service":"book-api","timestamp":"2026-06-30 11:06:21"}
{"level":"info","message":"📖 Books endpoint: http://localhost:5000/api/v1/books","service":"book-api","timestamp":"2026-06-30 11:06:21"}
{"level":"info","message":"🚀 Books API Server running on port 5000","service":"book-api","timestamp":"2026-06-30 11:06:21"}
{"level":"info","message":"📚 Environment: development","service":"book-api","timestamp":"2026-06-30 11:06:21"}
{"level":"info","message":"📍 URL: http://localhost:5000","service":"book-api","timestamp":"2026-06-30 11:06:21"}
{"level":"info","message":"📖 Books endpoint: http://localhost:5000/api/v1/books","service":"book-api","timestamp":"2026-06-30 11:06:21"}
{"level":"info","message":"🚀 Books API Server running on port 5000","service":"book-api","timestamp":"2026-06-30 11:06:33"}
{"level":"info","message":"📚 Environment: development","service":"book-api","timestamp":"2026-06-30 11:06:33"}
{"level":"info","message":"📍 URL: http://localhost:5000","service":"book-api","timestamp":"2026-06-30 11:06:33"}
{"level":"info","message":"📖 Books endpoint: http://localhost:5000/api/v1/books","service":"book-api","timestamp":"2026-06-30 11:06:33"}
{"level":"info","message":"🚀 Books API Server running on port 5000","service":"book-api","timestamp":"2026-06-30 11:06:33"}
{"level":"info","message":"📚 Environment: development","service":"book-api","timestamp":"2026-06-30 11:06:33"}
{"level":"info","message":"📍 URL: http://localhost:5000","service":"book-api","timestamp":"2026-06-30 11:06:33"}
{"level":"info","message":"📖 Books endpoint: http://localhost:5000/api/v1/books","service":"book-api","timestamp":"2026-06-30 11:06:33"}
{"level":"info","message":"🚀 Books API Server running on port 5000","service":"book-api","timestamp":"2026-06-30 11:06:50"}
{"level":"info","message":"📚 Environment: development","service":"book-api","timestamp":"2026-06-30 11:06:50"}
{"level":"info","message":"📍 URL: http://localhost:5000","service":"book-api","timestamp":"2026-06-30 11:06:50"}
{"level":"info","message":"📖 Books endpoint: http://localhost:5000/api/v1/books","service":"book-api","timestamp":"2026-06-30 11:06:50"}
{"level":"info","message":"🚀 Books API Server running on port 5000","service":"book-api","timestamp":"2026-06-30 11:06:50"}
{"level":"info","message":"📚 Environment: development","service":"book-api","timestamp":"2026-06-30 11:06:50"}
{"level":"info","message":"📍 URL: http://localhost:5000","service":"book-api","timestamp":"2026-06-30 11:06:50"}
{"level":"info","message":"📖 Books endpoint: http://localhost:5000/api/v1/books","service":"book-api","timestamp":"2026-06-30 11:06:50"}
{"level":"info","message":"🚀 Books API Server running on port 5000","service":"book-api","timestamp":"2026-06-30 11:07:01"}
{"level":"info","message":"📚 Environment: development","service":"book-api","timestamp":"2026-06-30 11:07:01"}
{"level":"info","message":"📍 URL: http://localhost:5000","service":"book-api","timestamp":"2026-06-30 11:07:01"}
{"level":"info","message":"📖 Books endpoint: http://localhost:5000/api/v1/books","service":"book-api","timestamp":"2026-06-30 11:07:01"}
{"level":"info","message":"🚀 Books API Server running on port 5000","service":"book-api","timestamp":"2026-06-30 11:07:02"}
{"level":"info","message":"📚 Environment: development","service":"book-api","timestamp":"2026-06-30 11:07:02"}
{"level":"info","message":"📍 URL: http://localhost:5000","service":"book-api","timestamp":"2026-06-30 11:07:02"}
{"level":"info","message":"📖 Books endpoint: http://localhost:5000/api/v1/books","service":"book-api","timestamp":"2026-06-30 11:07:02"}
{"level":"info","message":"🚀 Books API Server running on port 5000","service":"book-api","timestamp":"2026-06-30 11:07:15"}
{"level":"info","message":"📚 Environment: development","service":"book-api","timestamp":"2026-06-30 11:07:15"}
{"level":"info","message":"📍 URL: http://localhost:5000","service":"book-api","timestamp":"2026-06-30 11:07:15"}
{"level":"info","message":"📖 Books endpoint: http://localhost:5000/api/v1/books","service":"book-api","timestamp":"2026-06-30 11:07:15"}
{"level":"info","message":"🚀 Books API Server running on port 5000","service":"book-api","timestamp":"2026-06-30 11:07:15"}
{"level":"info","message":"📚 Environment: development","service":"book-api","timestamp":"2026-06-30 11:07:15"}
{"level":"info","message":"📍 URL: http://localhost:5000","service":"book-api","timestamp":"2026-06-30 11:07:15"}
{"level":"info","message":"📖 Books endpoint: http://localhost:5000/api/v1/books","service":"book-api","timestamp":"2026-06-30 11:07:15"}
{"level":"info","message":"🚀 Books API Server running on port 5000","service":"book-api","timestamp":"2026-06-30 11:07:29"}
{"level":"info","message":"📚 Environment: development","service":"book-api","timestamp":"2026-06-30 11:07:29"}
{"level":"info","message":"📍 URL: http://localhost:5000","service":"book-api","timestamp":"2026-06-30 11:07:29"}
{"level":"info","message":"📖 Books endpoint: http://localhost:5000/api/v1/books","service":"book-api","timestamp":"2026-06-30 11:07:29"}
{"level":"info","message":"🚀 Books API Server running on port 5000","service":"book-api","timestamp":"2026-06-30 11:07:29"}
{"level":"info","message":"📚 Environment: development","service":"book-api","timestamp":"2026-06-30 11:07:29"}
{"level":"info","message":"📍 URL: http://localhost:5000","service":"book-api","timestamp":"2026-06-30 11:07:29"}
{"level":"info","message":"📖 Books endpoint: http://localhost:5000/api/v1/books","service":"book-api","timestamp":"2026-06-30 11:07:29"}
{"level":"info","message":"🚀 Books API Server running on port 5000","service":"book-api","timestamp":"2026-06-30 11:07:50"}
{"level":"info","message":"📚 Environment: development","service":"book-api","timestamp":"2026-06-30 11:07:50"}
{"level":"info","message":"📍 URL: http://localhost:5000","service":"book-api","timestamp":"2026-06-30 11:07:50"}
{"level":"info","message":"📖 Books endpoint: http://localhost:5000/api/v1/books","service":"book-api","timestamp":"2026-06-30 11:07:50"}
{"level":"info","message":"🚀 Books API Server running on port 5000","service":"book-api","timestamp":"2026-06-30 11:07:50"}
{"level":"info","message":"📚 Environment: development","service":"book-api","timestamp":"2026-06-30 11:07:50"}
{"level":"info","message":"📍 URL: http://localhost:5000","service":"book-api","timestamp":"2026-06-30 11:07:50"}
{"level":"info","message":"📖 Books endpoint: http://localhost:5000/api/v1/books","service":"book-api","timestamp":"2026-06-30 11:07:50"}
{"level":"info","message":"🚀 Books API Server running on port 5000","service":"book-api","timestamp":"2026-06-30 11:08:02"}
{"level":"info","message":"📚 Environment: development","service":"book-api","timestamp":"2026-06-30 11:08:02"}
{"level":"info","message":"📍 URL: http://localhost:5000","service":"book-api","timestamp":"2026-06-30 11:08:02"}
{"level":"info","message":"📖 Books endpoint: http://localhost:5000/api/v1/books","service":"book-api","timestamp":"2026-06-30 11:08:02"}
{"level":"info","message":"🚀 Books API Server running on port 5000","service":"book-api","timestamp":"2026-06-30 11:08:02"}
{"level":"info","message":"📚 Environment: development","service":"book-api","timestamp":"2026-06-30 11:08:02"}
{"level":"info","message":"📍 URL: http://localhost:5000","service":"book-api","timestamp":"2026-06-30 11:08:02"}
{"level":"info","message":"📖 Books endpoint: http://localhost:5000/api/v1/books","service":"book-api","timestamp":"2026-06-30 11:08:02"}
{"level":"info","message":"🚀 Books API Server running on port 5000","service":"book-api","timestamp":"2026-06-30 11:35:25"}
{"level":"info","message":"📚 Environment: development","service":"book-api","timestamp":"2026-06-30 11:35:25"}
{"level":"info","message":"📍 URL: http://localhost:5000","service":"book-api","timestamp":"2026-06-30 11:35:25"}
{"level":"info","message":"📖 Books endpoint: http://localhost:5000/api/v1/books","service":"book-api","timestamp":"2026-06-30 11:35:25"}
{"level":"info","message":"🚀 Books API Server running on port 5000","service":"book-api","timestamp":"2026-06-30 11:35:25"}
{"level":"info","message":"📚 Environment: development","service":"book-api","timestamp":"2026-06-30 11:35:25"}
{"level":"info","message":"📍 URL: http://localhost:5000","service":"book-api","timestamp":"2026-06-30 11:35:25"}
{"level":"info","message":"📖 Books endpoint: http://localhost:5000/api/v1/books","service":"book-api","timestamp":"2026-06-30 11:35:25"}
{"level":"info","message":"🚀 Books API Server running on port 5000","service":"book-api","timestamp":"2026-06-30 11:35:36"}
{"level":"info","message":"📚 Environment: development","service":"book-api","timestamp":"2026-06-30 11:35:36"}
{"level":"info","message":"📍 URL: http://localhost:5000","service":"book-api","timestamp":"2026-06-30 11:35:36"}
{"level":"info","message":"📖 Books endpoint: http://localhost:5000/api/v1/books","service":"book-api","timestamp":"2026-06-30 11:35:36"}
{"level":"info","message":"🚀 Books API Server running on port 5000","service":"book-api","timestamp":"2026-06-30 11:35:36"}
{"level":"info","message":"📚 Environment: development","service":"book-api","timestamp":"2026-06-30 11:35:36"}
{"level":"info","message":"📍 URL: http://localhost:5000","service":"book-api","timestamp":"2026-06-30 11:35:36"}
{"level":"info","message":"📖 Books endpoint: http://localhost:5000/api/v1/books","service":"book-api","timestamp":"2026-06-30 11:35:36"}
{"level":"info","message":"🚀 Books API Server running on port 5000","service":"book-api","timestamp":"2026-06-30 11:35:50"}
{"level":"info","message":"📚 Environment: development","service":"book-api","timestamp":"2026-06-30 11:35:50"}
{"level":"info","message":"📍 URL: http://localhost:5000","service":"book-api","timestamp":"2026-06-30 11:35:50"}
{"level":"info","message":"📖 Books endpoint: http://localhost:5000/api/v1/books","service":"book-api","timestamp":"2026-06-30 11:35:50"}
{"level":"info","message":"🚀 Books API Server running on port 5000","service":"book-api","timestamp":"2026-06-30 11:35:50"}
{"level":"info","message":"📚 Environment: development","service":"book-api","timestamp":"2026-06-30 11:35:50"}
{"level":"info","message":"📍 URL: http://localhost:5000","service":"book-api","timestamp":"2026-06-30 11:35:50"}
{"level":"info","message":"📖 Books endpoint: http://localhost:5000/api/v1/books","service":"book-api","timestamp":"2026-06-30 11:35:50"}
{"level":"info","message":"🚀 Books API Server running on port 5000","service":"book-api","timestamp":"2026-06-30 11:36:03"}
{"level":"info","message":"📚 Environment: development","service":"book-api","timestamp":"2026-06-30 11:36:03"}
{"level":"info","message":"📍 URL: http://localhost:5000","service":"book-api","timestamp":"2026-06-30 11:36:03"}
{"level":"info","message":"📖 Books endpoint: http://localhost:5000/api/v1/books","service":"book-api","timestamp":"2026-06-30 11:36:03"}
{"level":"info","message":"🚀 Books API Server running on port 5000","service":"book-api","timestamp":"2026-06-30 11:36:03"}
{"level":"info","message":"📚 Environment: development","service":"book-api","timestamp":"2026-06-30 11:36:03"}
{"level":"info","message":"📍 URL: http://localhost:5000","service":"book-api","timestamp":"2026-06-30 11:36:03"}
{"level":"info","message":"📖 Books endpoint: http://localhost:5000/api/v1/books","service":"book-api","timestamp":"2026-06-30 11:36:03"}
{"level":"info","message":"🚀 Books API Server running on port 5000","service":"book-api","timestamp":"2026-06-30 11:39:18"}
{"level":"info","message":"📚 Environment: development","service":"book-api","timestamp":"2026-06-30 11:39:18"}
{"level":"info","message":"📍 URL: http://localhost:5000","service":"book-api","timestamp":"2026-06-30 11:39:18"}
{"level":"info","message":"📖 Books endpoint: http://localhost:5000/api/v1/books","service":"book-api","timestamp":"2026-06-30 11:39:18"}
{"level":"info","message":"🚀 Books API Server running on port 5000","service":"book-api","timestamp":"2026-06-30 11:39:18"}
{"level":"info","message":"📚 Environment: development","service":"book-api","timestamp":"2026-06-30 11:39:18"}
{"level":"info","message":"📍 URL: http://localhost:5000","service":"book-api","timestamp":"2026-06-30 11:39:18"}
{"level":"info","message":"📖 Books endpoint: http://localhost:5000/api/v1/books","service":"book-api","timestamp":"2026-06-30 11:39:18"}
